$ idf.py build

Executing action: all (aliases: build)
Running cmake in directory /tmp/esp32cam/build
Executing "cmake -G Ninja -DPYTHON_DEPS_CHECKED=1 -DPYTHON=/home/kunyi/.espressif/python_env/idf5.3_py3.10_env/bin/python -DESP_PLATFORM=1 -DCCACHE_ENABLE=0 /tmp/esp32cam"...
-- IDF_TARGET is not set, guessed 'esp32' from sdkconfig '/tmp/esp32cam/sdkconfig'
-- Found Git: /usr/bin/git (found version "2.47.0")
-- The C compiler identification is GNU 13.2.0
-- The CXX compiler identification is GNU 13.2.0
-- The ASM compiler identification is GNU
-- Found assembler: /home/kunyi/.espressif/tools/xtensa-esp-elf/esp-13.2.0_20240530/xtensa-esp-elf/bin/xtensa-esp32-elf-gcc
-- Detecting C compiler ABI info
-- Detecting C compiler ABI info - done
-- Check for working C compiler: /home/kunyi/.espressif/tools/xtensa-esp-elf/esp-13.2.0_20240530/xtensa-esp-elf/bin/xtensa-esp32-elf-gcc - skipped
-- Detecting C compile features
-- Detecting C compile features - done
-- Detecting CXX compiler ABI info
-- Detecting CXX compiler ABI info - done
-- Check for working CXX compiler: /home/kunyi/.espressif/tools/xtensa-esp-elf/esp-13.2.0_20240530/xtensa-esp-elf/bin/xtensa-esp32-elf-g++ - skipped
-- Detecting CXX compile features
-- Detecting CXX compile features - done
-- Building ESP-IDF components for target esp32
Using component placed at /tmp/esp32cam/components/fb_gfx for dependency "espressif/fb_gfx", specified in /tmp/esp32cam/main/idf_component.yml
Processing 3 dependencies:
[1/3] espressif/esp32-camera (2.0.13)
[2/3] espressif/mdns (1.4.0)
[3/3] idf (5.3.1)
-- Project sdkconfig file /tmp/esp32cam/sdkconfig
-- Compiler supported targets: xtensa-esp-elf
-- Found Python3: /home/kunyi/.espressif/python_env/idf5.3_py3.10_env/bin/python (found version "3.10.12") found components: Interpreter
-- Performing Test CMAKE_HAVE_LIBC_PTHREAD
-- Performing Test CMAKE_HAVE_LIBC_PTHREAD - Success
-- Found Threads: TRUE
-- Performing Test C_COMPILER_SUPPORTS_WFORMAT_SIGNEDNESS
-- Performing Test C_COMPILER_SUPPORTS_WFORMAT_SIGNEDNESS - Success
-- App "esp32cam" version: 99b4c40-dirty
-- Adding linker script /tmp/esp32cam/build/esp-idf/esp_system/ld/memory.ld
-- Adding linker script /tmp/esp32cam/build/esp-idf/esp_system/ld/sections.ld.in
-- Adding linker script /home/kunyi/esp-idf/components/esp_rom/esp32/ld/esp32.rom.ld
-- Adding linker script /home/kunyi/esp-idf/components/esp_rom/esp32/ld/esp32.rom.api.ld
-- Adding linker script /home/kunyi/esp-idf/components/esp_rom/esp32/ld/esp32.rom.libgcc.ld
-- Adding linker script /home/kunyi/esp-idf/components/esp_rom/esp32/ld/esp32.rom.newlib-data.ld
-- Adding linker script /home/kunyi/esp-idf/components/esp_rom/esp32/ld/esp32.rom.syscalls.ld
-- Adding linker script /home/kunyi/esp-idf/components/soc/esp32/ld/esp32.peripherals.ld
-- Components: app_trace app_update bootloader bootloader_support bt cmock console cxx driver efuse esp-tls esp_adc esp_app_format esp_bootloader_format esp_coex esp_common esp_driver_ana_cmpr esp_driver_cam esp_driver_dac esp_driver_gpio esp_driver_gptimer esp_driver_i2c esp_driver_i2s esp_driver_isp esp_driver_jpeg esp_driver_ledc esp_driver_mcpwm esp_driver_parlio esp_driver_pcnt esp_driver_ppa esp_driver_rmt esp_driver_sdio esp_driver_sdm esp_driver_sdmmc esp_driver_sdspi esp_driver_spi esp_driver_touch_sens esp_driver_tsens esp_driver_uart esp_driver_usb_serial_jtag esp_eth esp_event esp_gdbstub esp_hid esp_http_client esp_http_server esp_https_ota esp_https_server esp_hw_support esp_lcd esp_local_ctrl esp_mm esp_netif esp_netif_stack esp_partition esp_phy esp_pm esp_psram esp_ringbuf esp_rom esp_system esp_timer esp_vfs_console esp_wifi espcoredump espressif__esp32-camera espressif__mdns esptool_py fatfs fb_gfx freertos hal heap http_parser idf_test ieee802154 json log lwip main mbedtls mqtt newlib nvs_flash nvs_sec_provider openthread partition_table perfmon protobuf-c protocomm pthread sdmmc soc spi_flash spiffs tcp_transport ulp unity usb vfs wear_levelling wifi_provisioning wpa_supplicant xtensa
-- Component paths: /home/kunyi/esp-idf/components/app_trace /home/kunyi/esp-idf/components/app_update /home/kunyi/esp-idf/components/bootloader /home/kunyi/esp-idf/components/bootloader_support /home/kunyi/esp-idf/components/bt /home/kunyi/esp-idf/components/cmock /home/kunyi/esp-idf/components/console /home/kunyi/esp-idf/components/cxx /home/kunyi/esp-idf/components/driver /home/kunyi/esp-idf/components/efuse /home/kunyi/esp-idf/components/esp-tls /home/kunyi/esp-idf/components/esp_adc /home/kunyi/esp-idf/components/esp_app_format /home/kunyi/esp-idf/components/esp_bootloader_format /home/kunyi/esp-idf/components/esp_coex /home/kunyi/esp-idf/components/esp_common /home/kunyi/esp-idf/components/esp_driver_ana_cmpr /home/kunyi/esp-idf/components/esp_driver_cam /home/kunyi/esp-idf/components/esp_driver_dac /home/kunyi/esp-idf/components/esp_driver_gpio /home/kunyi/esp-idf/components/esp_driver_gptimer /home/kunyi/esp-idf/components/esp_driver_i2c /home/kunyi/esp-idf/components/esp_driver_i2s /home/kunyi/esp-idf/components/esp_driver_isp /home/kunyi/esp-idf/components/esp_driver_jpeg /home/kunyi/esp-idf/components/esp_driver_ledc /home/kunyi/esp-idf/components/esp_driver_mcpwm /home/kunyi/esp-idf/components/esp_driver_parlio /home/kunyi/esp-idf/components/esp_driver_pcnt /home/kunyi/esp-idf/components/esp_driver_ppa /home/kunyi/esp-idf/components/esp_driver_rmt /home/kunyi/esp-idf/components/esp_driver_sdio /home/kunyi/esp-idf/components/esp_driver_sdm /home/kunyi/esp-idf/components/esp_driver_sdmmc /home/kunyi/esp-idf/components/esp_driver_sdspi /home/kunyi/esp-idf/components/esp_driver_spi /home/kunyi/esp-idf/components/esp_driver_touch_sens /home/kunyi/esp-idf/components/esp_driver_tsens /home/kunyi/esp-idf/components/esp_driver_uart /home/kunyi/esp-idf/components/esp_driver_usb_serial_jtag /home/kunyi/esp-idf/components/esp_eth /home/kunyi/esp-idf/components/esp_event /home/kunyi/esp-idf/components/esp_gdbstub /home/kunyi/esp-idf/components/esp_hid /home/kunyi/esp-idf/components/esp_http_client /home/kunyi/esp-idf/components/esp_http_server /home/kunyi/esp-idf/components/esp_https_ota /home/kunyi/esp-idf/components/esp_https_server /home/kunyi/esp-idf/components/esp_hw_support /home/kunyi/esp-idf/components/esp_lcd /home/kunyi/esp-idf/components/esp_local_ctrl /home/kunyi/esp-idf/components/esp_mm /home/kunyi/esp-idf/components/esp_netif /home/kunyi/esp-idf/components/esp_netif_stack /home/kunyi/esp-idf/components/esp_partition /home/kunyi/esp-idf/components/esp_phy /home/kunyi/esp-idf/components/esp_pm /home/kunyi/esp-idf/components/esp_psram /home/kunyi/esp-idf/components/esp_ringbuf /home/kunyi/esp-idf/components/esp_rom /home/kunyi/esp-idf/components/esp_system /home/kunyi/esp-idf/components/esp_timer /home/kunyi/esp-idf/components/esp_vfs_console /home/kunyi/esp-idf/components/esp_wifi /home/kunyi/esp-idf/components/espcoredump /tmp/esp32cam/managed_components/espressif__esp32-camera /tmp/esp32cam/managed_components/espressif__mdns /home/kunyi/esp-idf/components/esptool_py /home/kunyi/esp-idf/components/fatfs /tmp/esp32cam/components/fb_gfx /home/kunyi/esp-idf/components/freertos /home/kunyi/esp-idf/components/hal /home/kunyi/esp-idf/components/heap /home/kunyi/esp-idf/components/http_parser /home/kunyi/esp-idf/components/idf_test /home/kunyi/esp-idf/components/ieee802154 /home/kunyi/esp-idf/components/json /home/kunyi/esp-idf/components/log /home/kunyi/esp-idf/components/lwip /tmp/esp32cam/main /home/kunyi/esp-idf/components/mbedtls /home/kunyi/esp-idf/components/mqtt /home/kunyi/esp-idf/components/newlib /home/kunyi/esp-idf/components/nvs_flash /home/kunyi/esp-idf/components/nvs_sec_provider /home/kunyi/esp-idf/components/openthread /home/kunyi/esp-idf/components/partition_table /home/kunyi/esp-idf/components/perfmon /home/kunyi/esp-idf/components/protobuf-c /home/kunyi/esp-idf/components/protocomm /home/kunyi/esp-idf/components/pthread /home/kunyi/esp-idf/components/sdmmc /home/kunyi/esp-idf/components/soc /home/kunyi/esp-idf/components/spi_flash /home/kunyi/esp-idf/components/spiffs /home/kunyi/esp-idf/components/tcp_transport /home/kunyi/esp-idf/components/ulp /home/kunyi/esp-idf/components/unity /home/kunyi/esp-idf/components/usb /home/kunyi/esp-idf/components/vfs /home/kunyi/esp-idf/components/wear_levelling /home/kunyi/esp-idf/components/wifi_provisioning /home/kunyi/esp-idf/components/wpa_supplicant /home/kunyi/esp-idf/components/xtensa
-- Configuring done
-- Generating done
-- Build files have been written to: /tmp/esp32cam/build
Running ninja in directory /tmp/esp32cam/build
Executing "ninja all"...
[16/1017] Generating ../../partition_table/partition-table.bin
Partition table binary generated. Contents:
*******************************************************************************
# ESP-IDF Partition Table
# Name, Type, SubType, Offset, Size, Flags
factory,app,factory,0x10000,3840K,
nvs,data,nvs,0x3d0000,16K,
face_id,32,32,0x3e0000,128K,
*******************************************************************************
[469/1017] Performing configure step for 'bootloader'
-- Found Git: /usr/bin/git (found version "2.47.0")
-- The C compiler identification is GNU 13.2.0
-- The CXX compiler identification is GNU 13.2.0
-- The ASM compiler identification is GNU
-- Found assembler: /home/kunyi/.espressif/tools/xtensa-esp-elf/esp-13.2.0_20240530/xtensa-esp-elf/bin/xtensa-esp32-elf-gcc
-- Detecting C compiler ABI info
-- Detecting C compiler ABI info - done
-- Check for working C compiler: /home/kunyi/.espressif/tools/xtensa-esp-elf/esp-13.2.0_20240530/xtensa-esp-elf/bin/xtensa-esp32-elf-gcc - skipped
-- Detecting C compile features
-- Detecting C compile features - done
-- Detecting CXX compiler ABI info
-- Detecting CXX compiler ABI info - done
-- Check for working CXX compiler: /home/kunyi/.espressif/tools/xtensa-esp-elf/esp-13.2.0_20240530/xtensa-esp-elf/bin/xtensa-esp32-elf-g++ - skipped
-- Detecting CXX compile features
-- Detecting CXX compile features - done
-- Building ESP-IDF components for target esp32
-- Project sdkconfig file /tmp/esp32cam/sdkconfig
-- Compiler supported targets: xtensa-esp-elf
-- Adding linker script /home/kunyi/esp-idf/components/soc/esp32/ld/esp32.peripherals.ld
-- Bootloader project name: "bootloader" version: 1
-- Adding linker script /home/kunyi/esp-idf/components/esp_rom/esp32/ld/esp32.rom.ld
-- Adding linker script /home/kunyi/esp-idf/components/esp_rom/esp32/ld/esp32.rom.api.ld
-- Adding linker script /home/kunyi/esp-idf/components/esp_rom/esp32/ld/esp32.rom.libgcc.ld
-- Adding linker script /home/kunyi/esp-idf/components/esp_rom/esp32/ld/esp32.rom.newlib-funcs.ld
-- Adding linker script /home/kunyi/esp-idf/components/bootloader/subproject/main/ld/esp32/bootloader.ld
-- Adding linker script /home/kunyi/esp-idf/components/bootloader/subproject/main/ld/esp32/bootloader.rom.ld
-- Components: bootloader bootloader_support efuse esp_app_format esp_bootloader_format esp_common esp_hw_support esp_rom esp_system esptool_py freertos hal log main micro-ecc newlib partition_table soc spi_flash xtensa
-- Component paths: /home/kunyi/esp-idf/components/bootloader /home/kunyi/esp-idf/components/bootloader_support /home/kunyi/esp-idf/components/efuse /home/kunyi/esp-idf/components/esp_app_format /home/kunyi/esp-idf/components/esp_bootloader_format /home/kunyi/esp-idf/components/esp_common /home/kunyi/esp-idf/components/esp_hw_support /home/kunyi/esp-idf/components/esp_rom /home/kunyi/esp-idf/components/esp_system /home/kunyi/esp-idf/components/esptool_py /home/kunyi/esp-idf/components/freertos /home/kunyi/esp-idf/components/hal /home/kunyi/esp-idf/components/log /home/kunyi/esp-idf/components/bootloader/subproject/main /home/kunyi/esp-idf/components/bootloader/subproject/components/micro-ecc /home/kunyi/esp-idf/components/newlib /home/kunyi/esp-idf/components/partition_table /home/kunyi/esp-idf/components/soc /home/kunyi/esp-idf/components/spi_flash /home/kunyi/esp-idf/components/xtensa
-- Configuring done
-- Generating done
-- Build files have been written to: /tmp/esp32cam/build/bootloader
[107/108] Generating binary image from built executable
esptool.py v4.8.0
Creating esp32 image...
Merged 2 ELF sections
Successfully created esp32 image.
Generated /tmp/esp32cam/build/bootloader/bootloader.bin
[108/108] cd /tmp/esp32cam/build/bootloader/esp-idf/esptool_py && /home/kunyi/.espressif/python_env/idf5.3_py3.10_env...onents/partition_table/check_sizes.py --offset 0x8000 bootloader 0x1000 /tmp/esp32cam/build/bootloader/bootloader.bin
Bootloader binary size 0x6f50 bytes. 0xb0 bytes (1%) free.
[1016/1017] Generating binary image from built executable
esptool.py v4.8.0
Creating esp32 image...
Merged 2 ELF sections
Successfully created esp32 image.
Generated /tmp/esp32cam/build/esp32cam.bin
[1017/1017] cd /tmp/esp32cam/build/esp-idf/esptool_py && /home/kunyi/.espressif/python_env/idf5.3_py3.10_env/bin/pyth... 0x8000 partition --type app /tmp/esp32cam/build/partition_table/partition-table.bin /tmp/esp32cam/build/esp32cam.bin
esp32cam.bin binary size 0x106c90 bytes. Smallest app partition is 0x3c0000 bytes. 0x2b9370 bytes (73%) free.

Project build complete. To flash, run:
 idf.py flash
or
 idf.py -p PORT flash
or
 python -m esptool --chip esp32 -b 460800 --before default_reset --after hard_reset write_flash --flash_mode dio --flash_size 4MB --flash_freq 80m 0x1000 build/bootloader/bootloader.bin 0x8000 build/partition_table/partition-table.bin 0x10000 build/esp32cam.bin
or from the "/tmp/esp32cam/build" directory
 python -m esptool --chip esp32 -b 460800 --before default_reset --after hard_reset write_flash "@flash_args"
